=== FeeAMM Invariant Test Log (tempo-foundry) ===
Tokens: T1=T1, T2=T2, T3=T3, T4=T4
Actors: 20

AMM balances: pathUSD=0, T1=0, T2=0, T3=0, T4=0
DISTRIBUTE_FEES: Actor0 received 0 fees
SET_VALIDATOR_TOKEN: Actor15 set token to 0x20C000000000000000000000b1183a51774F34f9
DISTRIBUTE_FEES: Actor8 received 0 fees
SET_VALIDATOR_TOKEN: Actor7 set token to 0x20C0000000000000000000000000000000000000
MINT: Actor5 minted 500 LP for 3000 validator tokens
DISTRIBUTE_FEES: Actor17 received 0 fees
SET_USER_TOKEN: Actor2 set token to 0x20C0000000000000000000000000000000000000
DISTRIBUTE_FEES: Actor13 received 0 fees
FEE_COLLECTION: Actor19 paid 842504 pathUSD -> Actor12 (same token, no swap)
MINT: Actor9 minted 4950042485 LP for 9900086971 validator tokens
SET_USER_TOKEN: Actor13 set token to 0x20C00000000000000000000016151A0BD902FeEf
SET_USER_TOKEN: Actor9 set token to 0x20C000000000000000000000b1183a51774F34f9
SET_USER_TOKEN: Actor1 set token to 0x20C0000000000000000000000000000000000000
SET_VALIDATOR_TOKEN: Actor1 set token to 0x20C00000000000000000000016151A0BD902FeEf
SET_VALIDATOR_TOKEN: Actor12 set token to 0x20C00000000000000000000016151A0BD902FeEf
SET_VALIDATOR_TOKEN: Actor9 set token to 0x20C0000000000000000000000000000000000000
MINT: Actor4 minted 27502 LP for 57005 validator tokens
SET_VALIDATOR_TOKEN: Actor11 set token to 0x20C000000000000000000000b1183a51774F34f9
FEE_COLLECTION: Actor12 paid 837228 pathUSD -> Actor13 (same token, no swap)
DISTRIBUTE_FEES: Actor7 received 0 fees
MINT: Actor1 minted 500 LP for 3001 validator tokens
FEE_COLLECTION: Actor10 paid 827607 pathUSD -> Actor6 (same token, no swap)
SET_VALIDATOR_TOKEN: Actor14 set token to 0x20C0000000000000000000000000000000000000
SET_VALIDATOR_TOKEN: Actor0 set token to 0x20C00000000000000000000016151A0BD902FeEf
DISTRIBUTE_FEES: Actor0 received 0 fees
SET_VALIDATOR_TOKEN: Actor10 set token to 0x20C00000000000000000000016151A0BD902FeEf
SET_VALIDATOR_TOKEN: Actor7 set token to 0x20C0000000000000000000008e2081886A8B8b31
FEE_COLLECTION: Actor13 paid 132471 T2 -> Actor12 (same token, no swap)
DISTRIBUTE_FEES: Actor9 received 0 fees
DISTRIBUTE_FEES: Actor0 received 0 fees
DISTRIBUTE_FEES: Actor8 received 0 fees
DISTRIBUTE_FEES: Actor18 received 0 fees
FEE_COLLECTION: Actor3 paid 982040 pathUSD -> Actor16 (same token, no swap)
SET_USER_TOKEN: Actor9 set token to 0x20C0000000000000000000000000000000000000
SET_USER_TOKEN: Actor10 set token to 0x20C00000000000000000000016151A0BD902FeEf
DISTRIBUTE_FEES: Actor0 received 0 fees
SET_USER_TOKEN: Actor12 set token to 0x20C000000000000000000000b1183a51774F34f9
SET_USER_TOKEN: Actor15 set token to 0x20c00000000000000000000085A5971CfF2D23E4
SET_VALIDATOR_TOKEN: Actor12 set token to 0x20C00000000000000000000016151A0BD902FeEf
SET_VALIDATOR_TOKEN: Actor8 set token to 0x20C0000000000000000000008e2081886A8B8b31
MINT: Actor17 minted 2211128540 LP for 4422259080 validator tokens
SET_VALIDATOR_TOKEN: Actor14 set token to 0x20C00000000000000000000016151A0BD902FeEf
MINT: Actor15 minted 2164158668 LP for 4330481496 validator tokens
MINT: Actor11 minted 5000 LP for 10000 validator tokens
SET_USER_TOKEN: Actor3 set token to 0x20C0000000000000000000000000000000000000
MINT: Actor17 minted 4998158147 LP for 9996318295 validator tokens
SET_USER_TOKEN: Actor16 set token to 0x20C0000000000000000000000000000000000000
MINT: Actor1 minted 4289451019 LP for 8579052535 validator tokens
SET_VALIDATOR_TOKEN: Actor19 set token to 0x20C0000000000000000000000000000000000000

=== Final State ===
Total mints: 9
Total burns: 0
Total rebalance swaps: 0
Total fee collections: 5
Total mint/burn cycles: 11
Total small rebalance swaps: 0
Rebalance totals - In: 0, Out: 0
Fee collection totals - In: 3621850, Out: 3621850
AMM balances: pathUSD=14234059847, T1=18575430835, T2=135472, T3=16002, T4=4422265084
DISTRIBUTE_FEES: Actor12 received 0 fees
SET_USER_TOKEN: Actor2 set token to 0x20c00000000000000000000085A5971CfF2D23E4
SET_VALIDATOR_TOKEN: Actor5 set token to 0x20C0000000000000000000000000000000000000
DISTRIBUTE_FEES: Actor0 received 0 fees
SET_VALIDATOR_TOKEN: Actor4 set token to 0x20C0000000000000000000000000000000000000
DISTRIBUTE_FEES: Actor8 received 0 fees
SET_VALIDATOR_TOKEN: Actor18 set token to 0x20C0000000000000000000008e2081886A8B8b31
SET_VALIDATOR_TOKEN: Actor0 set token to 0x20C00000000000000000000016151A0BD902FeEf
SET_USER_TOKEN: Actor18 set token to 0x20C0000000000000000000008e2081886A8B8b31
MINT: Actor8 minted 500 LP for 3001 validator tokens
DISTRIBUTE_FEES: Actor11 received 0 fees
SET_VALIDATOR_TOKEN: Actor14 set token to 0x20C0000000000000000000000000000000000000
SET_USER_TOKEN: Actor0 set token to 0x20C0000000000000000000000000000000000000
SET_VALIDATOR_TOKEN: Actor0 set token to 0x20C000000000000000000000b1183a51774F34f9
SET_VALIDATOR_TOKEN: Actor1 set token to 0x20C00000000000000000000016151A0BD902FeEf
SET_USER_TOKEN: Actor7 set token to 0x20C0000000000000000000000000000000000000
FEE_COLLECTION: Actor9 paid 654730 pathUSD -> Actor13 (same token, no swap)
SET_USER_TOKEN: Actor0 set token to 0x20C0000000000000000000000000000000000000
SET_VALIDATOR_TOKEN: Actor13 set token to 0x20C0000000000000000000000000000000000000
FEE_COLLECTION: Actor8 paid 3423 pathUSD -> Actor10 (same token, no swap)
MINT: Actor9 minted 1695849383 LP for 3391700767 validator tokens
SET_VALIDATOR_TOKEN: Actor2 set token to 0x20C000000000000000000000b1183a51774F34f9
SET_USER_TOKEN: Actor4 set token to 0x20C00000000000000000000016151A0BD902FeEf
MINT: Actor0 minted 4146826461 LP for 8297799749 validator tokens
BURN: Actor8 burned 25 LP for 0 user + 50 validator tokens
SET_VALIDATOR_TOKEN: Actor4 set token to 0x20c00000000000000000000085A5971CfF2D23E4
DISTRIBUTE_FEES: Actor18 received 0 fees
MINT: Actor0 minted 135671960 LP for 271479593 validator tokens
DISTRIBUTE_FEES: Actor6 received 0 fees
DISTRIBUTE_FEES: Actor0 received 0 fees
DISTRIBUTE_FEES: Actor15 received 0 fees
SET_VALIDATOR_TOKEN: Actor10 set token to 0x20C0000000000000000000008e2081886A8B8b31
SET_USER_TOKEN: Actor2 set token to 0x20C0000000000000000000008e2081886A8B8b31
SET_USER_TOKEN: Actor1 set token to 0x20c00000000000000000000085A5971CfF2D23E4
SET_USER_TOKEN: Actor0 set token to 0x20C0000000000000000000000000000000000000
SET_USER_TOKEN: Actor14 set token to 0x20C000000000000000000000b1183a51774F34f9
SET_VALIDATOR_TOKEN: Actor5 set token to 0x20C0000000000000000000000000000000000000
FEE_COLLECTION: Actor0 paid 904482 pathUSD -> Actor15 (same token, no swap)
SET_VALIDATOR_TOKEN: Actor1 set token to 0x20C00000000000000000000016151A0BD902FeEf
SET_VALIDATOR_TOKEN: Actor8 set token to 0x20C0000000000000000000000000000000000000
DISTRIBUTE_FEES: Actor15 received 0 fees
FEE_COLLECTION: Actor5 paid 999485 pathUSD -> Actor9 (same token, no swap)
SET_VALIDATOR_TOKEN: Actor15 set token to 0x20C00000000000000000000016151A0BD902FeEf
FEE_COLLECTION: Actor6 paid 881474 pathUSD -> Actor12 (same token, no swap)

=== Final State ===
Total mints: 4
Total burns: 1
Total rebalance swaps: 0
Total fee collections: 5
Total mint/burn cycles: 9
Total small rebalance swaps: 0
Rebalance totals - In: 0, Out: 0
Fee collection totals - In: 3443594, Out: 3443594
AMM balances: pathUSD=3452546, T1=3391702769, T2=8569281343, T3=4001, T4=0
FEE_COLLECTION: Actor5 paid 999087 pathUSD -> Actor3 (same token, no swap)
SET_VALIDATOR_TOKEN: Actor15 set token to 0x20C0000000000000000000000000000000000000
DISTRIBUTE_FEES: Actor3 received 0 fees
DISTRIBUTE_FEES: Actor15 received 0 fees
DISTRIBUTE_FEES: Actor14 received 0 fees
DISTRIBUTE_FEES: Actor16 received 0 fees
SET_VALIDATOR_TOKEN: Actor17 set token to 0x20C0000000000000000000008e2081886A8B8b31
SET_USER_TOKEN: Actor13 set token to 0x20C0000000000000000000000000000000000000
SET_USER_TOKEN: Actor1 set token to 0x20C00000000000000000000016151A0BD902FeEf
SET_USER_TOKEN: Actor0 set token to 0x20C000000000000000000000b1183a51774F34f9
SET_USER_TOKEN: Actor0 set token to 0x20C000000000000000000000b1183a51774F34f9
SET_USER_TOKEN: Actor1 set token to 0x20C0000000000000000000000000000000000000
FEE_COLLECTION: Actor11 paid 655021 pathUSD -> Actor19 (same token, no swap)
FEE_COLLECTION: Actor1 paid 438679 pathUSD -> Actor6 (same token, no swap)
SET_VALIDATOR_TOKEN: Actor3 set token to 0x20C0000000000000000000008e2081886A8B8b31
SET_VALIDATOR_TOKEN: Actor13 set token to 0x20C0000000000000000000008e2081886A8B8b31
DISTRIBUTE_FEES: Actor12 received 0 fees
SET_VALIDATOR_TOKEN: Actor11 set token to 0x20C000000000000000000000b1183a51774F34f9
FEE_COLLECTION: Actor10 paid 1000 pathUSD -> Actor4 (same token, no swap)
SET_VALIDATOR_TOKEN: Actor8 set token to 0x20C0000000000000000000000000000000000000
SET_USER_TOKEN: Actor0 set token to 0x20C0000000000000000000008e2081886A8B8b31
MINT: Actor13 minted 4999998500 LP for 9999999001 validator tokens
SET_VALIDATOR_TOKEN: Actor1 set token to 0x20c00000000000000000000085A5971CfF2D23E4
SET_VALIDATOR_TOKEN: Actor4 set token to 0x20C00000000000000000000016151A0BD902FeEf
SET_USER_TOKEN: Actor11 set token to 0x20C000000000000000000000b1183a51774F34f9
DISTRIBUTE_FEES: Actor13 received 0 fees
SET_USER_TOKEN: Actor4 set token to 0x20C0000000000000000000008e2081886A8B8b31
SET_USER_TOKEN: Actor2 set token to 0x20C0000000000000000000000000000000000000
SET_VALIDATOR_TOKEN: Actor1 set token to 0x20C0000000000000000000008e2081886A8B8b31
SET_USER_TOKEN: Actor9 set token to 0x20C000000000000000000000b1183a51774F34f9
FEE_COLLECTION: Actor13 paid 23676 pathUSD -> Actor10 (same token, no swap)
DISTRIBUTE_FEES: Actor5 received 0 fees
MINT: Actor2 minted 499000 LP for 1000000 validator tokens
DISTRIBUTE_FEES: Actor7 received 0 fees
SET_USER_TOKEN: Actor4 set token to 0x20C0000000000000000000008e2081886A8B8b31
SET_USER_TOKEN: Actor15 set token to 0x20C000000000000000000000b1183a51774F34f9
DISTRIBUTE_FEES: Actor5 received 0 fees
SET_USER_TOKEN: Actor7 set token to 0x20c00000000000000000000085A5971CfF2D23E4
SET_VALIDATOR_TOKEN: Actor6 set token to 0x20c00000000000000000000085A5971CfF2D23E4
DISTRIBUTE_FEES: Actor3 received 0 fees
DISTRIBUTE_FEES: Actor2 received 0 fees
SET_VALIDATOR_TOKEN: Actor5 set token to 0x20C00000000000000000000016151A0BD902FeEf
SET_USER_TOKEN: Actor4 set token to 0x20C00000000000000000000016151A0BD902FeEf
DISTRIBUTE_FEES: Actor18 received 0 fees
DISTRIBUTE_FEES: Actor0 received 0 fees
FEE_COLLECTION: Actor6 paid 329459 pathUSD -> Actor15 (same token, no swap)
MINT: Actor1 minted 300604976 LP for 601211952 validator tokens

=== Final State ===
Total mints: 3
Total burns: 0
Total rebalance swaps: 0
Total fee collections: 6
Total mint/burn cycles: 9
Total small rebalance swaps: 0
Rebalance totals - In: 0, Out: 0
Fee collection totals - In: 2446922, Out: 2446922
AMM balances: pathUSD=603660874, T1=10000999001, T2=8005, T3=4000, T4=2000
SET_VALIDATOR_TOKEN: Actor11 set token to 0x20C0000000000000000000008e2081886A8B8b31
SET_USER_TOKEN: Actor12 set token to 0x20c00000000000000000000085A5971CfF2D23E4
MINT: Actor8 minted 2680180433 LP for 5360362866 validator tokens
DISTRIBUTE_FEES: Actor15 received 0 fees
SET_VALIDATOR_TOKEN: Actor17 set token to 0x20C0000000000000000000000000000000000000
SET_USER_TOKEN: Actor16 set token to 0x20c00000000000000000000085A5971CfF2D23E4
SET_VALIDATOR_TOKEN: Actor19 set token to 0x20C0000000000000000000008e2081886A8B8b31
FEE_COLLECTION: Actor17 paid 360613 pathUSD -> Actor2 (same token, no swap)
FEE_COLLECTION: Actor17 paid 3073 pathUSD -> Actor4 (same token, no swap)
SET_USER_TOKEN: Actor12 set token to 0x20C0000000000000000000000000000000000000
DISTRIBUTE_FEES: Actor15 received 0 fees
SET_VALIDATOR_TOKEN: Actor0 set token to 0x20C000000000000000000000b1183a51774F34f9
SET_USER_TOKEN: Actor11 set token to 0x20C000000000000000000000b1183a51774F34f9
SET_USER_TOKEN: Actor15 set token to 0x20c00000000000000000000085A5971CfF2D23E4
DISTRIBUTE_FEES: Actor6 received 0 fees
FEE_COLLECTION: Actor0 paid 999065 pathUSD -> Actor4 (same token, no swap)
MINT: Actor8 minted 4999997630 LP for 9999997260 validator tokens
MINT: Actor16 minted 4999998856 LP for 9999999712 validator tokens
MINT: Actor2 minted 4151479407 LP for 8302960814 validator tokens
MINT: Actor16 minted 4999997628 LP for 9999997256 validator tokens
MINT: Actor19 minted 3107227796 LP for 6214455592 validator tokens
FEE_COLLECTION: Actor1 paid 423598 pathUSD -> Actor16 (same token, no swap)
FEE_COLLECTION: Actor0 paid 1002 pathUSD -> Actor2 (same token, no swap)
DISTRIBUTE_FEES: Actor13 received 0 fees
MINT: Actor16 minted 4999997678 LP for 9999997356 validator tokens
SET_USER_TOKEN: Actor4 set token to 0x20C0000000000000000000000000000000000000
SET_USER_TOKEN: Actor10 set token to 0x20C0000000000000000000008e2081886A8B8b31
SET_VALIDATOR_TOKEN: Actor10 set token to 0x20C00000000000000000000016151A0BD902FeEf
FEE_COLLECTION: Actor12 paid 149184 pathUSD -> Actor14 (same token, no swap)
SET_VALIDATOR_TOKEN: Actor12 set token to 0x20C0000000000000000000008e2081886A8B8b31
MINT: Actor16 minted 4420097435 LP for 8844614969 validator tokens
SET_VALIDATOR_TOKEN: Actor15 set token to 0x20C0000000000000000000000000000000000000
MINT: Actor15 minted 11249 LP for 22498 validator tokens
SET_VALIDATOR_TOKEN: Actor0 set token to 0x20C0000000000000000000000000000000000000
SET_USER_TOKEN: Actor2 set token to 0x20C00000000000000000000016151A0BD902FeEf
DISTRIBUTE_FEES: Actor2 received 0 fees
DISTRIBUTE_FEES: Actor12 received 0 fees
SET_USER_TOKEN: Actor14 set token to 0x20C0000000000000000000000000000000000000
SET_USER_TOKEN: Actor11 set token to 0x20C00000000000000000000016151A0BD902FeEf
FEE_COLLECTION: Actor19 paid 50105 pathUSD -> Actor1 (same token, no swap)
MINT: Actor2 minted 2814822369 LP for 5629646738 validator tokens
SET_VALIDATOR_TOKEN: Actor3 set token to 0x20C0000000000000000000008e2081886A8B8b31
DISTRIBUTE_FEES: Actor10 received 0 fees
DISTRIBUTE_FEES: Actor19 received 0 fees
FEE_COLLECTION: Actor11 paid 927528 T2 -> Actor4 receives 924745 pathUSD
SET_USER_TOKEN: Actor10 set token to 0x20C0000000000000000000000000000000000000
SET_USER_TOKEN: Actor19 set token to 0x20C0000000000000000000008e2081886A8B8b31
MINT: Actor7 minted 420315503 LP for 840633007 validator tokens
SET_USER_TOKEN: Actor3 set token to 0x20C00000000000000000000016151A0BD902FeEf
FEE_COLLECTION: Actor4 paid 479850 pathUSD -> Actor9 (same token, no swap)
SET_VALIDATOR_TOKEN: Actor9 set token to 0x20C0000000000000000000000000000000000000
MINT: Actor6 minted 8386 LP for 16790 validator tokens
MINT: Actor4 minted 499467 LP for 1000000 validator tokens
SET_VALIDATOR_TOKEN: Actor19 set token to 0x20C0000000000000000000000000000000000000

=== Final State ===
Total mints: 13
Total burns: 0
Total rebalance swaps: 0
Total fee collections: 9
Total mint/burn cycles: 6
Total small rebalance swaps: 0
Rebalance totals - In: 0, Out: 0
Fee collection totals - In: 3394018, Out: 3391235
AMM balances: pathUSD=24476727583, T1=28302957782, T2=5361312864, T3=16214456853, T4=841651799
SET_USER_TOKEN: Actor1 set token to 0x20C0000000000000000000008e2081886A8B8b31
SET_USER_TOKEN: Actor4 set token to 0x20C00000000000000000000016151A0BD902FeEf
MINT: Actor2 minted 4999998544 LP for 9999999088 validator tokens
SET_VALIDATOR_TOKEN: Actor0 set token to 0x20C0000000000000000000008e2081886A8B8b31
FEE_COLLECTION: Actor7 paid 843315 pathUSD -> Actor8 (same token, no swap)
SET_VALIDATOR_TOKEN: Actor9 set token to 0x20C000000000000000000000b1183a51774F34f9
SET_USER_TOKEN: Actor0 set token to 0x20C0000000000000000000000000000000000000
SET_USER_TOKEN: Actor12 set token to 0x20c00000000000000000000085A5971CfF2D23E4
SET_VALIDATOR_TOKEN: Actor15 set token to 0x20C00000000000000000000016151A0BD902FeEf
SET_USER_TOKEN: Actor2 set token to 0x20c00000000000000000000085A5971CfF2D23E4
FEE_COLLECTION: Actor10 paid 786112 pathUSD -> Actor19 (same token, no swap)
DISTRIBUTE_FEES: Actor10 received 0 fees
MINT: Actor3 minted 403774933 LP for 807549867 validator tokens
MINT: Actor7 minted 2705357240 LP for 5410716480 validator tokens
MINT: Actor3 minted 5080 LP for 12160 validator tokens
DISTRIBUTE_FEES: Actor0 received 0 fees
SET_USER_TOKEN: Actor10 set token to 0x20C0000000000000000000000000000000000000
MINT: Actor3 minted 4999997503 LP for 9999997007 validator tokens
DISTRIBUTE_FEES: Actor0 received 0 fees
DISTRIBUTE_FEES: Actor15 received 0 fees
DISTRIBUTE_FEES: Actor15 received 0 fees
SET_VALIDATOR_TOKEN: Actor5 set token to 0x20C0000000000000000000000000000000000000
MINT: Actor6 minted 1351779266 LP for 2703560533 validator tokens
SET_VALIDATOR_TOKEN: Actor2 set token to 0x20c00000000000000000000085A5971CfF2D23E4
SET_VALIDATOR_TOKEN: Actor3 set token to 0x20C00000000000000000000016151A0BD902FeEf
SET_USER_TOKEN: Actor12 set token to 0x20C000000000000000000000b1183a51774F34f9
FEE_COLLECTION: Actor11 paid 229839 pathUSD -> Actor8 (same token, no swap)
FEE_COLLECTION: Actor4 paid 11778 T2 -> Actor9 receives 11742 T4
DISTRIBUTE_FEES: Actor15 received 0 fees
SET_USER_TOKEN: Actor3 set token to 0x20c00000000000000000000085A5971CfF2D23E4
SET_VALIDATOR_TOKEN: Actor4 set token to 0x20C0000000000000000000000000000000000000
FEE_COLLECTION: Actor11 paid 565495 pathUSD -> Actor4 (same token, no swap)
FEE_COLLECTION: Actor9 paid 2567 pathUSD -> Actor12 (same token, no swap)
DISTRIBUTE_FEES: Actor9 received 0 fees
MINT: Actor12 minted 4995178113 LP for 9990358226 validator tokens
MINT: Actor3 minted 4415969065 LP for 8831938132 validator tokens
SET_VALIDATOR_TOKEN: Actor4 set token to 0x20C0000000000000000000000000000000000000
DISTRIBUTE_FEES: Actor9 received 0 fees
SET_VALIDATOR_TOKEN: Actor8 set token to 0x20C000000000000000000000b1183a51774F34f9
SET_USER_TOKEN: Actor1 set token to 0x20c00000000000000000000085A5971CfF2D23E4
FEE_COLLECTION: Actor19 paid 999009 pathUSD -> Actor6 (same token, no swap)
MINT: Actor8 minted 4999998512 LP for 9999997025 validator tokens
MINT: Actor2 minted 1492316492 LP for 2984634984 validator tokens
DISTRIBUTE_FEES: Actor0 received 0 fees
DISTRIBUTE_FEES: Actor16 received 0 fees
MINT: Actor0 minted 1499 LP for 3000 validator tokens
SET_USER_TOKEN: Actor10 set token to 0x20C0000000000000000000000000000000000000
DISTRIBUTE_FEES: Actor4 received 0 fees
FEE_COLLECTION: Actor15 paid 65535 pathUSD -> Actor15 receives 65338 T2

=== Final State ===
Total mints: 11
Total burns: 0
Total rebalance swaps: 0
Total fee collections: 8
Total mint/burn cycles: 11
Total small rebalance swaps: 0
Rebalance totals - In: 0, Out: 0
Fee collection totals - In: 3503650, Out: 3503417
AMM balances: pathUSD=3497873, T1=22624124072, T2=12703583498, T3=15401079708, T4=9999999009
DISTRIBUTE_FEES: Actor9 received 0 fees
SET_VALIDATOR_TOKEN: Actor15 set token to 0x20C00000000000000000000016151A0BD902FeEf
FEE_COLLECTION: Actor16 paid 866469 pathUSD -> Actor6 (same token, no swap)
DISTRIBUTE_FEES: Actor3 received 0 fees
MINT: Actor4 minted 3992 LP for 9985 validator tokens
FEE_COLLECTION: Actor3 paid 777983 pathUSD -> Actor8 (same token, no swap)
DISTRIBUTE_FEES: Actor1 received 0 fees
DISTRIBUTE_FEES: Actor8 received 0 fees
SET_USER_TOKEN: Actor2 set token to 0x20C0000000000000000000008e2081886A8B8b31
SET_VALIDATOR_TOKEN: Actor0 set token to 0x20C0000000000000000000008e2081886A8B8b31
SET_VALIDATOR_TOKEN: Actor5 set token to 0x20C0000000000000000000000000000000000000
FEE_COLLECTION: Actor12 paid 636084 pathUSD -> Actor14 (same token, no swap)
SET_USER_TOKEN: Actor2 set token to 0x20C0000000000000000000008e2081886A8B8b31
FEE_COLLECTION: Actor5 paid 861119 pathUSD -> Actor18 (same token, no swap)
FEE_COLLECTION: Actor5 paid 800417 pathUSD -> Actor10 (same token, no swap)
MINT: Actor12 minted 3056254667 LP for 6112511335 validator tokens
FEE_COLLECTION: Actor11 paid 270533 pathUSD -> Actor19 (same token, no swap)
MINT: Actor8 minted 2627907038 LP for 5255816077 validator tokens
DISTRIBUTE_FEES: Actor12 received 0 fees
SET_VALIDATOR_TOKEN: Actor0 set token to 0x20C0000000000000000000000000000000000000
DISTRIBUTE_FEES: Actor13 received 0 fees
SET_VALIDATOR_TOKEN: Actor11 set token to 0x20c00000000000000000000085A5971CfF2D23E4
FEE_COLLECTION: Actor1 paid 1024 pathUSD -> Actor6 (same token, no swap)
FEE_COLLECTION: Actor11 paid 999998 pathUSD -> Actor13 (same token, no swap)
FEE_COLLECTION: Actor5 paid 271683 pathUSD -> Actor4 (same token, no swap)
DISTRIBUTE_FEES: Actor8 received 0 fees
SET_USER_TOKEN: Actor15 set token to 0x20c00000000000000000000085A5971CfF2D23E4
SET_USER_TOKEN: Actor18 set token to 0x20C0000000000000000000008e2081886A8B8b31
MINT: Actor15 minted 4999999000 LP for 10000000000 validator tokens
SET_USER_TOKEN: Actor19 set token to 0x20C00000000000000000000016151A0BD902FeEf
SET_VALIDATOR_TOKEN: Actor17 set token to 0x20c00000000000000000000085A5971CfF2D23E4
DISTRIBUTE_FEES: Actor16 received 0 fees
DISTRIBUTE_FEES: Actor0 received 0 fees
SET_USER_TOKEN: Actor0 set token to 0x20C0000000000000000000000000000000000000
DISTRIBUTE_FEES: Actor14 received 0 fees
SET_VALIDATOR_TOKEN: Actor5 set token to 0x20C0000000000000000000000000000000000000
DISTRIBUTE_FEES: Actor15 received 0 fees
SET_VALIDATOR_TOKEN: Actor16 set token to 0x20C0000000000000000000008e2081886A8B8b31
MINT: Actor7 minted 4999998503 LP for 9999997009 validator tokens
DISTRIBUTE_FEES: Actor3 received 0 fees
SET_USER_TOKEN: Actor10 set token to 0x20C0000000000000000000008e2081886A8B8b31
FEE_COLLECTION: Actor0 paid 998001 pathUSD -> Actor12 (same token, no swap)
DISTRIBUTE_FEES: Actor18 received 0 fees
DISTRIBUTE_FEES: Actor9 received 0 fees
MINT: Actor4 minted 4999997503 LP for 9999997007 validator tokens
DISTRIBUTE_FEES: Actor12 received 0 fees
FEE_COLLECTION: Actor7 paid 644913 pathUSD -> Actor5 (same token, no swap)
DISTRIBUTE_FEES: Actor5 received 0 fees
MINT: Actor19 minted 2922646629 LP for 5845295259 validator tokens
MINT: Actor10 minted 4999998999 LP for 9999999999 validator tokens
SET_USER_TOKEN: Actor0 set token to 0x20C00000000000000000000016151A0BD902FeEf
FEE_COLLECTION: Actor9 paid 719268 pathUSD -> Actor19 (same token, no swap)
FEE_COLLECTION: Actor11 paid 642175 pathUSD -> Actor12 (same token, no swap)
DISTRIBUTE_FEES: Actor17 received 0 fees
SET_USER_TOKEN: Actor5 set token to 0x20c00000000000000000000085A5971CfF2D23E4
SET_VALIDATOR_TOKEN: Actor0 set token to 0x20c00000000000000000000085A5971CfF2D23E4
DISTRIBUTE_FEES: Actor0 received 0 fees

=== Final State ===
Total mints: 8
Total burns: 0
Total rebalance swaps: 0
Total fee collections: 13
Total mint/burn cycles: 5
Total small rebalance swaps: 0
Rebalance totals - In: 0, Out: 0
Fee collection totals - In: 8489667, Out: 8489667
AMM balances: pathUSD=26121000013, T1=5845297259, T2=20000006993, T3=5255816077, T4=0
FEE_COLLECTION: Actor11 paid 649946 pathUSD -> Actor15 (same token, no swap)
SET_VALIDATOR_TOKEN: Actor10 set token to 0x20C0000000000000000000008e2081886A8B8b31
SET_VALIDATOR_TOKEN: Actor10 set token to 0x20c00000000000000000000085A5971CfF2D23E4
DISTRIBUTE_FEES: Actor5 received 0 fees
FEE_COLLECTION: Actor10 paid 962234 pathUSD -> Actor11 (same token, no swap)
FEE_COLLECTION: Actor1 paid 355684 pathUSD -> Actor1 (same token, no swap)
SET_VALIDATOR_TOKEN: Actor5 set token to 0x20C000000000000000000000b1183a51774F34f9
SET_USER_TOKEN: Actor3 set token to 0x20C0000000000000000000008e2081886A8B8b31
DISTRIBUTE_FEES: Actor8 received 0 fees
SET_USER_TOKEN: Actor19 set token to 0x20C000000000000000000000b1183a51774F34f9
MINT: Actor3 minted 4999997884 LP for 9999997769 validator tokens
SET_VALIDATOR_TOKEN: Actor0 set token to 0x20C0000000000000000000008e2081886A8B8b31
SET_USER_TOKEN: Actor10 set token to 0x20c00000000000000000000085A5971CfF2D23E4
FEE_COLLECTION: Actor13 paid 84400 pathUSD -> Actor7 (same token, no swap)
SET_USER_TOKEN: Actor1 set token to 0x20C0000000000000000000000000000000000000
SET_VALIDATOR_TOKEN: Actor4 set token to 0x20C0000000000000000000000000000000000000
SET_VALIDATOR_TOKEN: Actor15 set token to 0x20C0000000000000000000008e2081886A8B8b31
SET_USER_TOKEN: Actor0 set token to 0x20c00000000000000000000085A5971CfF2D23E4
SET_VALIDATOR_TOKEN: Actor1 set token to 0x20C0000000000000000000000000000000000000
FEE_COLLECTION: Actor7 paid 335181 pathUSD -> Actor8 (same token, no swap)
SET_USER_TOKEN: Actor0 set token to 0x20C00000000000000000000016151A0BD902FeEf
MINT: Actor13 minted 4368620159 LP for 8745977559 validator tokens
MINT: Actor13 minted 2684176408 LP for 5368354816 validator tokens
DISTRIBUTE_FEES: Actor15 received 0 fees
SET_USER_TOKEN: Actor0 set token to 0x20c00000000000000000000085A5971CfF2D23E4
SET_VALIDATOR_TOKEN: Actor17 set token to 0x20C0000000000000000000000000000000000000
DISTRIBUTE_FEES: Actor15 received 0 fees
DISTRIBUTE_FEES: Actor3 received 0 fees
MINT: Actor15 minted 11664 LP for 23340 validator tokens
SET_VALIDATOR_TOKEN: Actor3 set token to 0x20C0000000000000000000000000000000000000
DISTRIBUTE_FEES: Actor7 received 84400 fees
MINT: Actor3 minted 248322839 LP for 496647679 validator tokens
MINT: Actor7 minted 1119853181 LP for 2240855929 validator tokens
SET_VALIDATOR_TOKEN: Actor2 set token to 0x20C000000000000000000000b1183a51774F34f9
MINT: Actor6 minted 3869694255 LP for 7739390511 validator tokens
DISTRIBUTE_FEES: Actor0 received 0 fees
DISTRIBUTE_FEES: Actor19 received 0 fees
MINT: Actor15 minted 2572172270 LP for 5144346540 validator tokens
MINT: Actor6 minted 4999999000 LP for 10000000000 validator tokens
DISTRIBUTE_FEES: Actor15 received 0 fees
SET_USER_TOKEN: Actor4 set token to 0x20C0000000000000000000000000000000000000
FEE_COLLECTION: Actor3 paid 403840 T1 -> Actor15 (same token, no swap)
MINT: Actor0 minted 2427009497 LP for 4854020994 validator tokens
SET_USER_TOKEN: Actor15 set token to 0x20C00000000000000000000016151A0BD902FeEf
DISTRIBUTE_FEES: Actor7 received 0 fees
SET_VALIDATOR_TOKEN: Actor17 set token to 0x20C0000000000000000000000000000000000000
SET_VALIDATOR_TOKEN: Actor14 set token to 0x20C0000000000000000000000000000000000000

=== Final State ===
Total mints: 10
Total burns: 0
Total rebalance swaps: 0
Total fee collections: 6
Total mint/burn cycles: 14
Total small rebalance swaps: 0
Rebalance totals - In: 0, Out: 0
Fee collection totals - In: 2791285, Out: 2791285
AMM balances: pathUSD=23110046141, T1=497055521, T2=4854024996, T3=18745981565, T4=7385227812
DISTRIBUTE_FEES: Actor3 received 0 fees
DISTRIBUTE_FEES: Actor19 received 0 fees
SET_USER_TOKEN: Actor12 set token to 0x20C0000000000000000000008e2081886A8B8b31
SET_VALIDATOR_TOKEN: Actor9 set token to 0x20C0000000000000000000008e2081886A8B8b31
DISTRIBUTE_FEES: Actor15 received 0 fees
SET_USER_TOKEN: Actor6 set token to 0x20C000000000000000000000b1183a51774F34f9
FEE_COLLECTION: Actor5 paid 61603 pathUSD -> Actor3 (same token, no swap)
SET_VALIDATOR_TOKEN: Actor0 set token to 0x20c00000000000000000000085A5971CfF2D23E4
SET_VALIDATOR_TOKEN: Actor0 set token to 0x20c00000000000000000000085A5971CfF2D23E4
MINT: Actor19 minted 1317414230 LP for 2634830461 validator tokens
SET_VALIDATOR_TOKEN: Actor0 set token to 0x20C000000000000000000000b1183a51774F34f9
MINT: Actor1 minted 2991877687 LP for 5986747252 validator tokens
MINT: Actor10 minted 4999998684 LP for 9999999368 validator tokens
SET_VALIDATOR_TOKEN: Actor19 set token to 0x20C00000000000000000000016151A0BD902FeEf
SET_VALIDATOR_TOKEN: Actor0 set token to 0x20c00000000000000000000085A5971CfF2D23E4
FEE_COLLECTION: Actor0 paid 660967 pathUSD -> Actor13 (same token, no swap)
SET_VALIDATOR_TOKEN: Actor1 set token to 0x20C0000000000000000000000000000000000000
MINT: Actor3 minted 1460754280 LP for 2922969315 validator tokens
SET_USER_TOKEN: Actor8 set token to 0x20C0000000000000000000008e2081886A8B8b31
SET_VALIDATOR_TOKEN: Actor8 set token to 0x20C0000000000000000000008e2081886A8B8b31
SET_VALIDATOR_TOKEN: Actor16 set token to 0x20C000000000000000000000b1183a51774F34f9
DISTRIBUTE_FEES: Actor15 received 0 fees
MINT: Actor19 minted 4982 LP for 9970 validator tokens
FEE_COLLECTION: Actor4 paid 999513 pathUSD -> Actor3 (same token, no swap)
SET_VALIDATOR_TOKEN: Actor0 set token to 0x20C0000000000000000000008e2081886A8B8b31
SET_USER_TOKEN: Actor6 set token to 0x20C0000000000000000000000000000000000000
SET_VALIDATOR_TOKEN: Actor15 set token to 0x20c00000000000000000000085A5971CfF2D23E4
MINT: Actor0 minted 3458965056 LP for 6917932112 validator tokens
SET_VALIDATOR_TOKEN: Actor0 set token to 0x20C0000000000000000000000000000000000000
SET_VALIDATOR_TOKEN: Actor10 set token to 0x20c00000000000000000000085A5971CfF2D23E4
DISTRIBUTE_FEES: Actor17 received 0 fees
SET_USER_TOKEN: Actor13 set token to 0x20c00000000000000000000085A5971CfF2D23E4
SET_VALIDATOR_TOKEN: Actor0 set token to 0x20C0000000000000000000008e2081886A8B8b31
MINT: Actor0 minted 4000 LP for 10000 validator tokens
SET_VALIDATOR_TOKEN: Actor11 set token to 0x20C0000000000000000000000000000000000000
SET_USER_TOKEN: Actor3 set token to 0x20c00000000000000000000085A5971CfF2D23E4
DISTRIBUTE_FEES: Actor12 received 0 fees
MINT: Actor15 minted 4999999616 LP for 9999999236 validator tokens
FEE_COLLECTION: Actor12 paid 99900 T1 -> Actor0 (same token, no swap)
FEE_COLLECTION: Actor12 paid 570301 T1 -> Actor0 (same token, no swap)
DISTRIBUTE_FEES: Actor0 received 670201 fees
SET_VALIDATOR_TOKEN: Actor2 set token to 0x20c00000000000000000000085A5971CfF2D23E4
SET_VALIDATOR_TOKEN: Actor5 set token to 0x20c00000000000000000000085A5971CfF2D23E4
FEE_COLLECTION: Actor0 paid 9970 pathUSD -> Actor4 (same token, no swap)
MINT: Actor10 minted 1198418333 LP for 2396838667 validator tokens
DISTRIBUTE_FEES: Actor9 received 0 fees
SET_VALIDATOR_TOKEN: Actor12 set token to 0x20c00000000000000000000085A5971CfF2D23E4
SET_USER_TOKEN: Actor0 set token to 0x20C0000000000000000000008e2081886A8B8b31
FEE_COLLECTION: Actor14 paid 778111 pathUSD -> Actor1 (same token, no swap)
SET_USER_TOKEN: Actor0 set token to 0x20C0000000000000000000000000000000000000
SET_USER_TOKEN: Actor10 set token to 0x20C0000000000000000000008e2081886A8B8b31
SET_USER_TOKEN: Actor1 set token to 0x20c00000000000000000000085A5971CfF2D23E4
SET_USER_TOKEN: Actor0 set token to 0x20C0000000000000000000000000000000000000
SET_VALIDATOR_TOKEN: Actor6 set token to 0x20C00000000000000000000016151A0BD902FeEf

=== Final State ===
Total mints: 9
Total burns: 0
Total rebalance swaps: 0
Total fee collections: 7
Total mint/burn cycles: 6
Total small rebalance swaps: 0
Rebalance totals - In: 0, Out: 0
Fee collection totals - In: 3180365, Out: 3180365
AMM balances: pathUSD=15989268755, T1=2922973316, T2=6917934112, T3=2396840667, T4=12634841698
SET_VALIDATOR_TOKEN: Actor1 set token to 0x20C000000000000000000000b1183a51774F34f9
MINT: Actor1 minted 1771158861 LP for 3542319723 validator tokens
DISTRIBUTE_FEES: Actor18 received 0 fees
FEE_COLLECTION: Actor4 paid 67552 pathUSD -> Actor11 (same token, no swap)
SET_VALIDATOR_TOKEN: Actor0 set token to 0x20C00000000000000000000016151A0BD902FeEf
SET_VALIDATOR_TOKEN: Actor5 set token to 0x20c00000000000000000000085A5971CfF2D23E4
DISTRIBUTE_FEES: Actor14 received 0 fees
SET_VALIDATOR_TOKEN: Actor15 set token to 0x20C0000000000000000000000000000000000000
FEE_COLLECTION: Actor3 paid 1001 pathUSD -> Actor16 (same token, no swap)
DISTRIBUTE_FEES: Actor3 received 0 fees
MINT: Actor10 minted 27502 LP for 57005 validator tokens
SET_VALIDATOR_TOKEN: Actor6 set token to 0x20C0000000000000000000000000000000000000
SET_VALIDATOR_TOKEN: Actor8 set token to 0x20C00000000000000000000016151A0BD902FeEf
SET_USER_TOKEN: Actor0 set token to 0x20C000000000000000000000b1183a51774F34f9
SET_USER_TOKEN: Actor3 set token to 0x20C0000000000000000000000000000000000000
SET_USER_TOKEN: Actor19 set token to 0x20C0000000000000000000000000000000000000
DISTRIBUTE_FEES: Actor18 received 0 fees
MINT: Actor15 minted 586897210 LP for 1173796420 validator tokens
DISTRIBUTE_FEES: Actor13 received 0 fees
SET_USER_TOKEN: Actor12 set token to 0x20C00000000000000000000016151A0BD902FeEf
DISTRIBUTE_FEES: Actor14 received 0 fees
FEE_COLLECTION: Actor8 paid 649525 pathUSD -> Actor12 (same token, no swap)
FEE_COLLECTION: Actor18 paid 937038 pathUSD -> Actor2 (same token, no swap)
MINT: Actor1 minted 4992 LP for 9985 validator tokens
SET_VALIDATOR_TOKEN: Actor10 set token to 0x20c00000000000000000000085A5971CfF2D23E4
DISTRIBUTE_FEES: Actor2 received 0 fees
FEE_COLLECTION: Actor12 paid 939163 T2 -> Actor0 (same token, no swap)
MINT: Actor0 minted 4802875465 LP for 9605752931 validator tokens
DISTRIBUTE_FEES: Actor6 received 0 fees
DISTRIBUTE_FEES: Actor4 received 0 fees
SET_USER_TOKEN: Actor2 set token to 0x20C0000000000000000000000000000000000000
FEE_COLLECTION: Actor7 paid 953350 pathUSD -> Actor1 receives 950489 T4
DISTRIBUTE_FEES: Actor11 received 0 fees
FEE_COLLECTION: Actor18 paid 288785 pathUSD -> Actor16 (same token, no swap)
SET_USER_TOKEN: Actor5 set token to 0x20C0000000000000000000000000000000000000
SET_VALIDATOR_TOKEN: Actor10 set token to 0x20C000000000000000000000b1183a51774F34f9
DISTRIBUTE_FEES: Actor0 received 0 fees
FEE_COLLECTION: Actor19 paid 577755 pathUSD -> Actor6 (same token, no swap)
FEE_COLLECTION: Actor8 paid 999006 pathUSD -> Actor6 (same token, no swap)
FEE_COLLECTION: Actor14 paid 40705 pathUSD -> Actor15 (same token, no swap)
SET_VALIDATOR_TOKEN: Actor5 set token to 0x20C0000000000000000000000000000000000000
SET_VALIDATOR_TOKEN: Actor11 set token to 0x20C000000000000000000000b1183a51774F34f9
SET_USER_TOKEN: Actor6 set token to 0x20C00000000000000000000016151A0BD902FeEf
MINT: Actor3 minted 3638175445 LP for 7276352891 validator tokens
MINT: Actor11 minted 1500 LP for 3002 validator tokens
FEE_COLLECTION: Actor14 paid 653917 pathUSD -> Actor17 (same token, no swap)
SET_VALIDATOR_TOKEN: Actor1 set token to 0x20C000000000000000000000b1183a51774F34f9
FEE_COLLECTION: Actor8 paid 999740 pathUSD -> Actor4 (same token, no swap)
SET_USER_TOKEN: Actor0 set token to 0x20C0000000000000000000000000000000000000
SET_VALIDATOR_TOKEN: Actor2 set token to 0x20c00000000000000000000085A5971CfF2D23E4
FEE_COLLECTION: Actor0 paid 10000 pathUSD -> Actor15 (same token, no swap)
DISTRIBUTE_FEES: Actor10 received 0 fees
SET_USER_TOKEN: Actor10 set token to 0x20C0000000000000000000000000000000000000
SET_USER_TOKEN: Actor12 set token to 0x20c00000000000000000000085A5971CfF2D23E4

=== Final State ===
Total mints: 7
Total burns: 0
Total rebalance swaps: 0
Total fee collections: 13
Total mint/burn cycles: 10
Total small rebalance swaps: 0
Rebalance totals - In: 0, Out: 0
Fee collection totals - In: 7117537, Out: 7114676
AMM balances: pathUSD=7282545250, T1=1173853425, T2=9606694097, T3=4001, T4=3542326729
MINT: Actor15 minted 2290141068 LP for 4580284136 validator tokens
SET_VALIDATOR_TOKEN: Actor19 set token to 0x20C00000000000000000000016151A0BD902FeEf
SET_VALIDATOR_TOKEN: Actor19 set token to 0x20C0000000000000000000008e2081886A8B8b31
SET_USER_TOKEN: Actor16 set token to 0x20C00000000000000000000016151A0BD902FeEf
SET_VALIDATOR_TOKEN: Actor8 set token to 0x20C0000000000000000000008e2081886A8B8b31
MINT: Actor0 minted 464546872 LP for 929095744 validator tokens
FEE_COLLECTION: Actor11 paid 1000000 pathUSD -> Actor9 (same token, no swap)
SET_VALIDATOR_TOKEN: Actor10 set token to 0x20C0000000000000000000008e2081886A8B8b31
SET_USER_TOKEN: Actor10 set token to 0x20C0000000000000000000000000000000000000
MINT: Actor15 minted 4999997510 LP for 9999997021 validator tokens
SET_USER_TOKEN: Actor4 set token to 0x20C0000000000000000000000000000000000000
SET_VALIDATOR_TOKEN: Actor0 set token to 0x20C0000000000000000000008e2081886A8B8b31
MINT: Actor12 minted 249940183 LP for 499882366 validator tokens
SET_VALIDATOR_TOKEN: Actor0 set token to 0x20C0000000000000000000000000000000000000
MINT: Actor18 minted 891458883 LP for 1782917767 validator tokens
SET_USER_TOKEN: Actor3 set token to 0x20C00000000000000000000016151A0BD902FeEf
SET_VALIDATOR_TOKEN: Actor5 set token to 0x20C0000000000000000000000000000000000000
SET_VALIDATOR_TOKEN: Actor11 set token to 0x20C0000000000000000000008e2081886A8B8b31
SET_VALIDATOR_TOKEN: Actor8 set token to 0x20C000000000000000000000b1183a51774F34f9
SET_USER_TOKEN: Actor5 set token to 0x20C0000000000000000000000000000000000000
MINT: Actor12 minted 2577300735 LP for 5154603470 validator tokens
SET_VALIDATOR_TOKEN: Actor12 set token to 0x20C00000000000000000000016151A0BD902FeEf
DISTRIBUTE_FEES: Actor2 received 0 fees
FEE_COLLECTION: Actor12 paid 9970 pathUSD -> Actor1 (same token, no swap)
SET_VALIDATOR_TOKEN: Actor5 set token to 0x20C0000000000000000000000000000000000000
SET_USER_TOKEN: Actor2 set token to 0x20C0000000000000000000008e2081886A8B8b31
DISTRIBUTE_FEES: Actor13 received 0 fees
DISTRIBUTE_FEES: Actor19 received 0 fees
SET_USER_TOKEN: Actor16 set token to 0x20C00000000000000000000016151A0BD902FeEf
SET_VALIDATOR_TOKEN: Actor0 set token to 0x20C00000000000000000000016151A0BD902FeEf
FEE_COLLECTION: Actor3 paid 787535 T2 -> Actor7 receives 785172 pathUSD
DISTRIBUTE_FEES: Actor15 received 0 fees
DISTRIBUTE_FEES: Actor8 received 0 fees
SET_VALIDATOR_TOKEN: Actor7 set token to 0x20C00000000000000000000016151A0BD902FeEf
SET_VALIDATOR_TOKEN: Actor0 set token to 0x20C000000000000000000000b1183a51774F34f9
DISTRIBUTE_FEES: Actor7 received 0 fees
DISTRIBUTE_FEES: Actor2 received 0 fees
SET_VALIDATOR_TOKEN: Actor18 set token to 0x20C000000000000000000000b1183a51774F34f9
DISTRIBUTE_FEES: Actor13 received 0 fees
SET_VALIDATOR_TOKEN: Actor4 set token to 0x20C0000000000000000000000000000000000000
DISTRIBUTE_FEES: Actor6 received 0 fees
SET_VALIDATOR_TOKEN: Actor16 set token to 0x20c00000000000000000000085A5971CfF2D23E4
SET_VALIDATOR_TOKEN: Actor1 set token to 0x20C0000000000000000000000000000000000000
DISTRIBUTE_FEES: Actor4 received 0 fees
MINT: Actor13 minted 4999998000 LP for 9999998001 validator tokens
DISTRIBUTE_FEES: Actor9 received 0 fees
DISTRIBUTE_FEES: Actor11 received 0 fees
DISTRIBUTE_FEES: Actor11 received 0 fees
DISTRIBUTE_FEES: Actor12 received 0 fees
DISTRIBUTE_FEES: Actor19 received 0 fees

=== Final State ===
Total mints: 7
Total burns: 0
Total rebalance swaps: 0
Total fee collections: 3
Total mint/burn cycles: 9
Total small rebalance swaps: 0
Rebalance totals - In: 0, Out: 0
Fee collection totals - In: 1797505, Out: 1795142
AMM balances: pathUSD=10001008992, T1=15154605471, T2=791536, T3=7292299649, T4=499882366
MINT: Actor15 minted 2290141068 LP for 4580284136 validator tokens
SET_VALIDATOR_TOKEN: Actor19 set token to 0x20C00000000000000000000016151A0BD902FeEf
SET_VALIDATOR_TOKEN: Actor19 set token to 0x20C0000000000000000000008e2081886A8B8b31
SET_USER_TOKEN: Actor16 set token to 0x20C00000000000000000000016151A0BD902FeEf
SET_VALIDATOR_TOKEN: Actor8 set token to 0x20C0000000000000000000008e2081886A8B8b31
MINT: Actor0 minted 464546872 LP for 929095744 validator tokens
FEE_COLLECTION: Actor11 paid 1000000 pathUSD -> Actor9 (same token, no swap)
SET_VALIDATOR_TOKEN: Actor10 set token to 0x20C0000000000000000000008e2081886A8B8b31
SET_USER_TOKEN: Actor10 set token to 0x20C0000000000000000000000000000000000000
MINT: Actor15 minted 4999997510 LP for 9999997021 validator tokens
SET_USER_TOKEN: Actor4 set token to 0x20C0000000000000000000000000000000000000
SET_VALIDATOR_TOKEN: Actor0 set token to 0x20C0000000000000000000008e2081886A8B8b31
MINT: Actor12 minted 249940183 LP for 499882366 validator tokens
SET_VALIDATOR_TOKEN: Actor0 set token to 0x20C0000000000000000000000000000000000000
MINT: Actor18 minted 891457883 LP for 1782917767 validator tokens
SET_USER_TOKEN: Actor3 set token to 0x20C00000000000000000000016151A0BD902FeEf
SET_VALIDATOR_TOKEN: Actor5 set token to 0x20C0000000000000000000000000000000000000
SET_VALIDATOR_TOKEN: Actor11 set token to 0x20C0000000000000000000008e2081886A8B8b31
SET_VALIDATOR_TOKEN: Actor8 set token to 0x20C000000000000000000000b1183a51774F34f9
SET_USER_TOKEN: Actor5 set token to 0x20C0000000000000000000000000000000000000
MINT: Actor12 minted 2577300735 LP for 5154603470 validator tokens
SET_VALIDATOR_TOKEN: Actor12 set token to 0x20C00000000000000000000016151A0BD902FeEf
DISTRIBUTE_FEES: Actor2 received 0 fees
FEE_COLLECTION: Actor12 paid 9970 pathUSD -> Actor1 (same token, no swap)
SET_VALIDATOR_TOKEN: Actor5 set token to 0x20C0000000000000000000000000000000000000
SET_USER_TOKEN: Actor2 set token to 0x20C0000000000000000000008e2081886A8B8b31
DISTRIBUTE_FEES: Actor13 received 0 fees
DISTRIBUTE_FEES: Actor19 received 0 fees
SET_USER_TOKEN: Actor16 set token to 0x20C00000000000000000000016151A0BD902FeEf
FEE_COLLECTION: Actor12 paid 844692 pathUSD -> Actor12 (same token, no swap)
SET_VALIDATOR_TOKEN: Actor0 set token to 0x20C00000000000000000000016151A0BD902FeEf
FEE_COLLECTION: Actor3 paid 787535 pathUSD -> Actor7 (same token, no swap)
DISTRIBUTE_FEES: Actor15 received 0 fees
DISTRIBUTE_FEES: Actor8 received 0 fees
SET_VALIDATOR_TOKEN: Actor7 set token to 0x20C00000000000000000000016151A0BD902FeEf
SET_VALIDATOR_TOKEN: Actor0 set token to 0x20C000000000000000000000b1183a51774F34f9
DISTRIBUTE_FEES: Actor7 received 0 fees
DISTRIBUTE_FEES: Actor2 received 0 fees
SET_VALIDATOR_TOKEN: Actor18 set token to 0x20C000000000000000000000b1183a51774F34f9
DISTRIBUTE_FEES: Actor13 received 0 fees
SET_VALIDATOR_TOKEN: Actor4 set token to 0x20C0000000000000000000000000000000000000
DISTRIBUTE_FEES: Actor6 received 0 fees
SET_VALIDATOR_TOKEN: Actor16 set token to 0x20c00000000000000000000085A5971CfF2D23E4
SET_VALIDATOR_TOKEN: Actor1 set token to 0x20C0000000000000000000000000000000000000
DISTRIBUTE_FEES: Actor4 received 0 fees
MINT: Actor13 minted 4999998000 LP for 9999998001 validator tokens
DISTRIBUTE_FEES: Actor9 received 0 fees
DISTRIBUTE_FEES: Actor11 received 0 fees
DISTRIBUTE_FEES: Actor11 received 0 fees
DISTRIBUTE_FEES: Actor12 received 0 fees
DISTRIBUTE_FEES: Actor19 received 0 fees

=== Final State ===
Total mints: 0
Total burns: 0
Total rebalance swaps: 0
Total fee collections: 0
Total mint/burn cycles: 0
Total small rebalance swaps: 0
Rebalance totals - In: 0, Out: 0
Fee collection totals - In: 0, Out: 0
AMM balances: pathUSD=0, T1=0, T2=0, T3=0, T4=0
